<?xml version="1.0" encoding="UTF-8"?>
<testng-results skipped="0" failed="0" total="1" passed="1">
  <reporter-output>
  </reporter-output>
  <suite name="Default suite" duration-ms="955" started-at="2015-05-14T11:08:00Z" finished-at="2015-05-14T11:08:01Z">
    <groups>
    </groups>
    <test name="Default test" duration-ms="955" started-at="2015-05-14T11:08:00Z" finished-at="2015-05-14T11:08:01Z">
      <class name="testcases.RemoveStocks">
        <test-method status="PASS" signature="removeStocks()[pri:0, instance:testcases.RemoveStocks@7c703b]" name="removeStocks" duration-ms="943" started-at="2015-05-14T16:38:00Z" finished-at="2015-05-14T16:38:01Z">
          <reporter-output>
          </reporter-output>
        </test-method> <!-- removeStocks -->
      </class> <!-- testcases.RemoveStocks -->
    </test> <!-- Default test -->
  </suite> <!-- Default suite -->
</testng-results>
